\BOOKMARK [0][-]{chapter.1}{\376\377\000I\000n\000t\000r\000o\000d\000u\000c\000t\000i\000o\000n}{}% 1
\BOOKMARK [0][-]{chapter.2}{\376\377\000P\000r\000e\000d\000i\000c\000a\000t\000e\000\040\000R\000e\000f\000e\000r\000e\000n\000c\000e}{}% 2
\BOOKMARK [0][-]{chapter.3}{\376\377\000I\000n\000s\000t\000a\000l\000l\000a\000t\000i\000o\000n}{}% 3
\BOOKMARK [1][-]{section.3.1}{\376\377\000R\000e\000q\000u\000i\000r\000e\000m\000e\000n\000t\000s}{chapter.3}% 4
\BOOKMARK [1][-]{section.3.2}{\376\377\000E\000x\000a\000m\000p\000l\000e\000\040\000o\000f\000\040\000u\000s\000e}{chapter.3}% 5
\BOOKMARK [1][-]{section.3.3}{\376\377\000T\000e\000s\000t\000i\000n\000g\000\040\000t\000h\000e\000\040\000i\000n\000s\000t\000a\000l\000l\000a\000t\000i\000o\000n}{chapter.3}% 6
\BOOKMARK [0][-]{chapter.4}{\376\377\000S\000y\000n\000t\000a\000x}{}% 7
\BOOKMARK [0][-]{chapter.5}{\376\377\000S\000e\000m\000a\000n\000t\000i\000c\000s}{}% 8
\BOOKMARK [0][-]{chapter.6}{\376\377\000L\000e\000a\000r\000n\000i\000n\000g}{}% 9
\BOOKMARK [1][-]{section.6.1}{\376\377\000I\000n\000p\000u\000t}{chapter.6}% 10
\BOOKMARK [2][-]{subsection.6.1.1}{\376\377\000P\000r\000e\000a\000m\000b\000l\000e}{section.6.1}% 11
\BOOKMARK [2][-]{subsection.6.1.2}{\376\377\000B\000a\000c\000k\000g\000r\000o\000u\000n\000d\000\040\000a\000n\000d\000\040\000I\000n\000i\000t\000i\000a\000l\000\040\000h\000i\000e\000r\000a\000r\000c\000h\000i\000c\000a\000l\000\040\000p\000r\000o\000g\000r\000a\000m}{section.6.1}% 12
\BOOKMARK [2][-]{subsection.6.1.3}{\376\377\000L\000a\000n\000g\000u\000a\000g\000e\000\040\000B\000i\000a\000s}{section.6.1}% 13
\BOOKMARK [2][-]{subsection.6.1.4}{\376\377\000E\000x\000a\000m\000p\000l\000e\000\040\000I\000n\000t\000e\000r\000p\000r\000e\000t\000a\000t\000i\000o\000n\000s}{section.6.1}% 14
\BOOKMARK [1][-]{section.6.2}{\376\377\000C\000o\000m\000m\000a\000n\000d\000s}{chapter.6}% 15
\BOOKMARK [2][-]{subsection.6.2.1}{\376\377\000P\000a\000r\000a\000m\000e\000t\000e\000r\000\040\000L\000e\000a\000r\000n\000i\000n\000g}{section.6.2}% 16
\BOOKMARK [2][-]{subsection.6.2.2}{\376\377\000S\000t\000r\000u\000c\000t\000u\000r\000e\000\040\000L\000e\000a\000r\000n\000i\000n\000g}{section.6.2}% 17
\BOOKMARK [2][-]{subsection.6.2.3}{\376\377\000H\000e\000l\000p\000e\000r\000\040\000P\000r\000e\000d\000i\000c\000a\000t\000e\000s}{section.6.2}% 18
\BOOKMARK [2][-]{subsection.6.2.4}{\376\377\000T\000e\000s\000t\000i\000n\000g}{section.6.2}% 19
\BOOKMARK [1][-]{section.6.3}{\376\377\000H\000y\000p\000e\000r\000-\000p\000a\000r\000a\000m\000e\000t\000e\000r\000s\000\040\000f\000o\000r\000\040\000L\000e\000a\000r\000n\000i\000n\000g}{chapter.6}% 20
\BOOKMARK [0][-]{chapter.7}{\376\377\000E\000x\000a\000m\000p\000l\000e\000\040\000F\000i\000l\000e\000s}{}% 21
\BOOKMARK [0][-]{chapter.8}{\376\377\000M\000a\000n\000u\000a\000l\000\040\000i\000n\000\040\000P\000D\000F}{}% 22
\BOOKMARK [0][-]{chapter.9}{\376\377\000L\000i\000c\000e\000n\000s\000e}{}% 23
\BOOKMARK [0][-]{chapter*.3}{\376\377\000B\000i\000b\000l\000i\000o\000g\000r\000a\000p\000h\000y}{}% 24
